app_android/app/build/intermediates/manifest_merge_blame_file/debug/processDebugMainManifest/manifest-merger-blame-debug-report.txt
1<?xml version="1.0" encoding="utf-8"?>
2<manifest xmlns:android="http://schemas.android.com/apk/res/android"
3    package="com.example.bluetv"
4    android:versionCode="1"
5    android:versionName="1.0" >
6
7    <uses-sdk
8        android:minSdkVersion="21"
9        android:targetSdkVersion="34" />
10
11    <uses-permission android:name="android.permission.INTERNET" />
11-->src\main\AndroidManifest.xml:4:5-66
11-->src\main\AndroidManifest.xml:4:22-64
12    <uses-permission android:name="android.permission.ACCESS_NETWORK_STATE" />
12-->src\main\AndroidManifest.xml:5:5-78
12-->src\main\AndroidManifest.xml:5:22-76
13    <uses-permission android:name="android.permission.WRITE_EXTERNAL_STORAGE" />
13-->src\main\AndroidManifest.xml:6:5-80
13-->src\main\AndroidManifest.xml:6:22-78
14    <uses-permission android:name="android.permission.REQUEST_INSTALL_PACKAGES" />
14-->src\main\AndroidManifest.xml:7:5-82
14-->src\main\AndroidManifest.xml:7:22-80
15
16    <uses-feature
16-->src\main\AndroidManifest.xml:9:5-89
17        android:name="android.hardware.touchscreen"
17-->src\main\AndroidManifest.xml:9:19-62
18        android:required="false" />
18-->src\main\AndroidManifest.xml:9:63-87
19    <uses-feature
19-->src\main\AndroidManifest.xml:10:5-86
20        android:name="android.software.leanback"
20-->src\main\AndroidManifest.xml:10:19-59
21        android:required="false" />
21-->src\main\AndroidManifest.xml:10:60-84
22
23    <permission
23-->[androidx.core:core:1.12.0] AndroidManifest.xml:22:5-24:47
24        android:name="com.example.bluetv.DYNAMIC_RECEIVER_NOT_EXPORTED_PERMISSION"
24-->[androidx.core:core:1.12.0] AndroidManifest.xml:23:9-81
25        android:protectionLevel="signature" />
25-->[androidx.core:core:1.12.0] AndroidManifest.xml:24:9-44
26
27    <uses-permission android:name="com.example.bluetv.DYNAMIC_RECEIVER_NOT_EXPORTED_PERMISSION" />
27-->[androidx.core:core:1.12.0] AndroidManifest.xml:26:5-97
27-->[androidx.core:core:1.12.0] AndroidManifest.xml:26:22-94
28    <uses-permission android:name="android.permission.CAMERA" /> <!-- Don't require camera, as this requires a rear camera. This allows it to work on the Nexus 7 -->
28-->[com.journeyapps:zxing-android-embedded:4.3.0] AndroidManifest.xml:22:5-65
28-->[com.journeyapps:zxing-android-embedded:4.3.0] AndroidManifest.xml:22:22-62
29    <uses-feature
29-->[com.journeyapps:zxing-android-embedded:4.3.0] AndroidManifest.xml:25:5-27:36
30        android:name="android.hardware.camera"
30-->[com.journeyapps:zxing-android-embedded:4.3.0] AndroidManifest.xml:26:9-47
31        android:required="false" />
31-->[com.journeyapps:zxing-android-embedded:4.3.0] AndroidManifest.xml:27:9-33
32    <uses-feature
32-->[com.journeyapps:zxing-android-embedded:4.3.0] AndroidManifest.xml:28:5-30:36
33        android:name="android.hardware.camera.front"
33-->[com.journeyapps:zxing-android-embedded:4.3.0] AndroidManifest.xml:29:9-53
34        android:required="false" /> <!-- TODO replace above two with next line after Android 4.2 -->
34-->[com.journeyapps:zxing-android-embedded:4.3.0] AndroidManifest.xml:30:9-33
35    <!-- <uses-feature android:name="android.hardware.camera.any"/> -->
36    <uses-feature
36-->[com.journeyapps:zxing-android-embedded:4.3.0] AndroidManifest.xml:33:5-35:36
37        android:name="android.hardware.camera.autofocus"
37-->[com.journeyapps:zxing-android-embedded:4.3.0] AndroidManifest.xml:34:9-57
38        android:required="false" />
38-->[com.journeyapps:zxing-android-embedded:4.3.0] AndroidManifest.xml:35:9-33
39    <uses-feature
39-->[com.journeyapps:zxing-android-embedded:4.3.0] AndroidManifest.xml:36:5-38:36
40        android:name="android.hardware.camera.flash"
40-->[com.journeyapps:zxing-android-embedded:4.3.0] AndroidManifest.xml:37:9-53
41        android:required="false" />
41-->[com.journeyapps:zxing-android-embedded:4.3.0] AndroidManifest.xml:38:9-33
42    <uses-feature
42-->[com.journeyapps:zxing-android-embedded:4.3.0] AndroidManifest.xml:39:5-41:36
43        android:name="android.hardware.screen.landscape"
43-->[com.journeyapps:zxing-android-embedded:4.3.0] AndroidManifest.xml:40:9-57
44        android:required="false" />
44-->[com.journeyapps:zxing-android-embedded:4.3.0] AndroidManifest.xml:41:9-33
45    <uses-feature
45-->[com.journeyapps:zxing-android-embedded:4.3.0] AndroidManifest.xml:42:5-44:36
46        android:name="android.hardware.wifi"
46-->[com.journeyapps:zxing-android-embedded:4.3.0] AndroidManifest.xml:43:9-45
47        android:required="false" />
47-->[com.journeyapps:zxing-android-embedded:4.3.0] AndroidManifest.xml:44:9-33
48
49    <application
49-->src\main\AndroidManifest.xml:12:5-47:19
50        android:allowBackup="true"
50-->src\main\AndroidManifest.xml:13:9-35
51        android:appComponentFactory="androidx.core.app.CoreComponentFactory"
51-->[androidx.core:core:1.12.0] AndroidManifest.xml:28:18-86
52        android:debuggable="true"
53        android:extractNativeLibs="true"
54        android:icon="@drawable/ic_launcher"
54-->src\main\AndroidManifest.xml:14:9-45
55        android:label="BlueTV"
55-->src\main\AndroidManifest.xml:15:9-31
56        android:theme="@style/Theme.BlueTV"
56-->src\main\AndroidManifest.xml:16:9-44
57        android:usesCleartextTraffic="true" >
57-->src\main\AndroidManifest.xml:17:9-44
58
59        <!-- ENTRADA DO APP: SplashActivity -->
60        <activity
60-->src\main\AndroidManifest.xml:20:9-29:20
61            android:name="com.example.bluetv.SplashActivity"
61-->src\main\AndroidManifest.xml:21:13-43
62            android:exported="true"
62-->src\main\AndroidManifest.xml:22:13-36
63            android:screenOrientation="landscape" >
63-->src\main\AndroidManifest.xml:23:13-50
64            <intent-filter>
64-->src\main\AndroidManifest.xml:24:13-28:29
65                <action android:name="android.intent.action.MAIN" />
65-->src\main\AndroidManifest.xml:25:17-68
65-->src\main\AndroidManifest.xml:25:25-66
66
67                <category android:name="android.intent.category.LAUNCHER" />
67-->src\main\AndroidManifest.xml:26:17-76
67-->src\main\AndroidManifest.xml:26:27-74
68                <category android:name="android.intent.category.LEANBACK_LAUNCHER" />
68-->src\main\AndroidManifest.xml:27:17-85
68-->src\main\AndroidManifest.xml:27:27-83
69            </intent-filter>
70        </activity>
71        <activity
71-->src\main\AndroidManifest.xml:31:9-34:39
72            android:name="com.example.bluetv.ActivationActivity"
72-->src\main\AndroidManifest.xml:32:13-47
73            android:exported="false"
73-->src\main\AndroidManifest.xml:34:13-37
74            android:screenOrientation="landscape" />
74-->src\main\AndroidManifest.xml:33:13-50
75        <activity
75-->src\main\AndroidManifest.xml:36:9-39:39
76            android:name="com.example.bluetv.HomeActivity"
76-->src\main\AndroidManifest.xml:37:13-41
77            android:exported="false"
77-->src\main\AndroidManifest.xml:39:13-37
78            android:screenOrientation="landscape" />
78-->src\main\AndroidManifest.xml:38:13-50
79        <activity
79-->src\main\AndroidManifest.xml:41:9-45:76
80            android:name="com.example.bluetv.PlayerActivity"
80-->src\main\AndroidManifest.xml:42:13-43
81            android:configChanges="orientation|screenSize|keyboardHidden"
81-->src\main\AndroidManifest.xml:45:13-74
82            android:exported="false"
82-->src\main\AndroidManifest.xml:44:13-37
83            android:screenOrientation="landscape" />
83-->src\main\AndroidManifest.xml:43:13-50
84
85        <provider
85-->[androidx.emoji2:emoji2:1.2.0] AndroidManifest.xml:24:9-32:20
86            android:name="androidx.startup.InitializationProvider"
86-->[androidx.emoji2:emoji2:1.2.0] AndroidManifest.xml:25:13-67
87            android:authorities="com.example.bluetv.androidx-startup"
87-->[androidx.emoji2:emoji2:1.2.0] AndroidManifest.xml:26:13-68
88            android:exported="false" >
88-->[androidx.emoji2:emoji2:1.2.0] AndroidManifest.xml:27:13-37
89            <meta-data
89-->[androidx.emoji2:emoji2:1.2.0] AndroidManifest.xml:29:13-31:52
90                android:name="androidx.emoji2.text.EmojiCompatInitializer"
90-->[androidx.emoji2:emoji2:1.2.0] AndroidManifest.xml:30:17-75
91                android:value="androidx.startup" />
91-->[androidx.emoji2:emoji2:1.2.0] AndroidManifest.xml:31:17-49
92            <meta-data
92-->[androidx.lifecycle:lifecycle-process:2.6.1] AndroidManifest.xml:29:13-31:52
93                android:name="androidx.lifecycle.ProcessLifecycleInitializer"
93-->[androidx.lifecycle:lifecycle-process:2.6.1] AndroidManifest.xml:30:17-78
94                android:value="androidx.startup" />
94-->[androidx.lifecycle:lifecycle-process:2.6.1] AndroidManifest.xml:31:17-49
95            <meta-data
95-->[androidx.profileinstaller:profileinstaller:1.3.0] AndroidManifest.xml:29:13-31:52
96                android:name="androidx.profileinstaller.ProfileInstallerInitializer"
96-->[androidx.profileinstaller:profileinstaller:1.3.0] AndroidManifest.xml:30:17-85
97                android:value="androidx.startup" />
97-->[androidx.profileinstaller:profileinstaller:1.3.0] AndroidManifest.xml:31:17-49
98        </provider>
99
100        <receiver
100-->[androidx.profileinstaller:profileinstaller:1.3.0] AndroidManifest.xml:34:9-52:20
101            android:name="androidx.profileinstaller.ProfileInstallReceiver"
101-->[androidx.profileinstaller:profileinstaller:1.3.0] AndroidManifest.xml:35:13-76
102            android:directBootAware="false"
102-->[androidx.profileinstaller:profileinstaller:1.3.0] AndroidManifest.xml:36:13-44
103            android:enabled="true"
103-->[androidx.profileinstaller:profileinstaller:1.3.0] AndroidManifest.xml:37:13-35
104            android:exported="true"
104-->[androidx.profileinstaller:profileinstaller:1.3.0] AndroidManifest.xml:38:13-36
105            android:permission="android.permission.DUMP" >
105-->[androidx.profileinstaller:profileinstaller:1.3.0] AndroidManifest.xml:39:13-57
106            <intent-filter>
106-->[androidx.profileinstaller:profileinstaller:1.3.0] AndroidManifest.xml:40:13-42:29
107                <action android:name="androidx.profileinstaller.action.INSTALL_PROFILE" />
107-->[androidx.profileinstaller:profileinstaller:1.3.0] AndroidManifest.xml:41:17-91
107-->[androidx.profileinstaller:profileinstaller:1.3.0] AndroidManifest.xml:41:25-88
108            </intent-filter>
109            <intent-filter>
109-->[androidx.profileinstaller:profileinstaller:1.3.0] AndroidManifest.xml:43:13-45:29
110                <action android:name="androidx.profileinstaller.action.SKIP_FILE" />
110-->[androidx.profileinstaller:profileinstaller:1.3.0] AndroidManifest.xml:44:17-85
110-->[androidx.profileinstaller:profileinstaller:1.3.0] AndroidManifest.xml:44:25-82
111            </intent-filter>
112            <intent-filter>
112-->[androidx.profileinstaller:profileinstaller:1.3.0] AndroidManifest.xml:46:13-48:29
113                <action android:name="androidx.profileinstaller.action.SAVE_PROFILE" />
113-->[androidx.profileinstaller:profileinstaller:1.3.0] AndroidManifest.xml:47:17-88
113-->[androidx.profileinstaller:profileinstaller:1.3.0] AndroidManifest.xml:47:25-85
114            </intent-filter>
115            <intent-filter>
115-->[androidx.profileinstaller:profileinstaller:1.3.0] AndroidManifest.xml:49:13-51:29
116                <action android:name="androidx.profileinstaller.action.BENCHMARK_OPERATION" />
116-->[androidx.profileinstaller:profileinstaller:1.3.0] AndroidManifest.xml:50:17-95
116-->[androidx.profileinstaller:profileinstaller:1.3.0] AndroidManifest.xml:50:25-92
117            </intent-filter>
118        </receiver>
119
120        <activity
120-->[com.journeyapps:zxing-android-embedded:4.3.0] AndroidManifest.xml:47:9-53:63
121            android:name="com.journeyapps.barcodescanner.CaptureActivity"
121-->[com.journeyapps:zxing-android-embedded:4.3.0] AndroidManifest.xml:48:13-74
122            android:clearTaskOnLaunch="true"
122-->[com.journeyapps:zxing-android-embedded:4.3.0] AndroidManifest.xml:49:13-45
123            android:screenOrientation="sensorLandscape"
123-->[com.journeyapps:zxing-android-embedded:4.3.0] AndroidManifest.xml:50:13-56
124            android:stateNotNeeded="true"
124-->[com.journeyapps:zxing-android-embedded:4.3.0] AndroidManifest.xml:51:13-42
125            android:theme="@style/zxing_CaptureTheme"
125-->[com.journeyapps:zxing-android-embedded:4.3.0] AndroidManifest.xml:52:13-54
126            android:windowSoftInputMode="stateAlwaysHidden" />
126-->[com.journeyapps:zxing-android-embedded:4.3.0] AndroidManifest.xml:53:13-60
127    </application>
128
129</manifest>